0 info it worked if it ends with ok
1 verbose cli [ '/usr/local/Cellar/node/0.10.26/bin/node',
1 verbose cli   '/usr/local/bin/npm',
1 verbose cli   'install',
1 verbose cli   'graceful-fs' ]
2 info using npm@1.4.3
3 info using node@v0.10.26
4 error Error: Invalid version: "0.1-alpha"
4 error     at Object.module.exports.fixVersionField (/usr/local/Cellar/node/0.10.26/lib/node_modules/npm/node_modules/read-package-json/node_modules/normalize-package-data/lib/fixer.js:185:13)
4 error     at /usr/local/Cellar/node/0.10.26/lib/node_modules/npm/node_modules/read-package-json/node_modules/normalize-package-data/lib/normalize.js:29:38
4 error     at Array.forEach (native)
4 error     at normalize (/usr/local/Cellar/node/0.10.26/lib/node_modules/npm/node_modules/read-package-json/node_modules/normalize-package-data/lib/normalize.js:28:15)
4 error     at final (/usr/local/Cellar/node/0.10.26/lib/node_modules/npm/node_modules/read-package-json/read-json.js:328:33)
4 error     at then (/usr/local/Cellar/node/0.10.26/lib/node_modules/npm/node_modules/read-package-json/read-json.js:126:33)
4 error     at /usr/local/Cellar/node/0.10.26/lib/node_modules/npm/node_modules/read-package-json/read-json.js:317:40
4 error     at fs.js:266:14
4 error     at /usr/local/Cellar/node/0.10.26/lib/node_modules/npm/node_modules/graceful-fs/graceful-fs.js:105:5
4 error     at Object.oncomplete (fs.js:107:15)
5 error If you need help, you may report this *entire* log,
5 error including the npm and node versions, at:
5 error     <http://github.com/npm/npm/issues>
6 error System Darwin 13.1.0
7 error command "/usr/local/Cellar/node/0.10.26/bin/node" "/usr/local/bin/npm" "install" "graceful-fs"
8 error cwd /Users/mr5/DATA/web/www/demeter
9 error node -v v0.10.26
10 error npm -v 1.4.3
11 verbose exit [ 1, true ]
